<?xml version="1.0" encoding="UTF-8" standalone="no"?>
<testsuite failures="1" name="cucumber.runtime.formatter.JUnitFormatter" skipped="0" tests="5" time="13.310956">
<testcase classname="Gmail Task" name="Login Email Page" time="4.24622">
<system-out><![CDATA[Given user Launch The Url...................................................passed
When user Enter The "java123" In The Email Textfield........................passed
Then user Click The Next Button And It Will Navigate To Login Password Page.passed
]]></system-out>
</testcase>
<testcase classname="Gmail Task" name="Login Email Page 2" time="1.192291">
<system-out><![CDATA[Given user Launch The Url...................................................passed
When user Enter The "selenium123" In The Email Textfield....................passed
Then user Click The Next Button And It Will Navigate To Login Password Page.passed
]]></system-out>
</testcase>
<testcase classname="Gmail Task" name="Login Email Page 3" time="1.441349">
<system-out><![CDATA[Given user Launch The Url...................................................passed
When user Enter The "automation.test1402" In The Email Textfield............passed
Then user Click The Next Button And It Will Navigate To Login Password Page.passed
]]></system-out>
</testcase>
<testcase classname="Gmail Task" name="Login Password Page" time="1.617598">
<system-out><![CDATA[When user Enter The "S3l1n1um" In The Password Textfield....................passed
Then user Click The Next Button And It Will Navigate To Google Account Page.passed
]]></system-out>
</testcase>
<testcase classname="Ebay Task" name="Ebay Home Page" time="4.813498">
<failure message="org.openqa.selenium.WebDriverException: unknown error: unexpected command response&#10;  (Session info: chrome=103.0.5060.114)&#10;Build info: version: '3.141.59', revision: 'e82be7d358', time: '2018-11-14T08:17:03'&#10;System info: host: 'DESKTOP-EM3OVKO', ip: '192.168.147.147', os.name: 'Windows 10', os.arch: 'amd64', os.version: '10.0', java.version: '1.8.0_202'&#10;Driver info: org.openqa.selenium.chrome.ChromeDriver&#10;Capabilities {acceptInsecureCerts: false, browserName: chrome, browserVersion: 103.0.5060.114, chrome: {chromedriverVersion: 103.0.5060.53 (a1711811edd7..., userDataDir: C:\Users\Umamani\AppData\Lo...}, goog:chromeOptions: {debuggerAddress: localhost:62268}, javascriptEnabled: true, networkConnectionEnabled: false, pageLoadStrategy: normal, platform: WINDOWS, platformName: WINDOWS, proxy: Proxy(), setWindowRect: true, strictFileInteractability: false, timeouts: {implicit: 0, pageLoad: 300000, script: 30000}, unhandledPromptBehavior: dismiss and notify, webauthn:extension:credBlob: true, webauthn:extension:largeBlob: true, webauthn:virtualAuthenticators: true}&#10;Session ID: 1ea12cafbd1800b33c4e734eb096aed5&#13;&#10;&#9;at sun.reflect.NativeConstructorAccessorImpl.newInstance0(Native Method)&#13;&#10;&#9;at sun.reflect.NativeConstructorAccessorImpl.newInstance(NativeConstructorAccessorImpl.java:62)&#13;&#10;&#9;at sun.reflect.DelegatingConstructorAccessorImpl.newInstance(DelegatingConstructorAccessorImpl.java:45)&#13;&#10;&#9;at java.lang.reflect.Constructor.newInstance(Constructor.java:423)&#13;&#10;&#9;at org.openqa.selenium.remote.http.W3CHttpResponseCodec.createException(W3CHttpResponseCodec.java:187)&#13;&#10;&#9;at org.openqa.selenium.remote.http.W3CHttpResponseCodec.decode(W3CHttpResponseCodec.java:122)&#13;&#10;&#9;at org.openqa.selenium.remote.http.W3CHttpResponseCodec.decode(W3CHttpResponseCodec.java:49)&#13;&#10;&#9;at org.openqa.selenium.remote.HttpCommandExecutor.execute(HttpCommandExecutor.java:158)&#13;&#10;&#9;at org.openqa.selenium.remote.service.DriverCommandExecutor.execute(DriverCommandExecutor.java:83)&#13;&#10;&#9;at org.openqa.selenium.remote.RemoteWebDriver.execute(RemoteWebDriver.java:552)&#13;&#10;&#9;at org.openqa.selenium.remote.RemoteWebDriver.executeScript(RemoteWebDriver.java:489)&#13;&#10;&#9;at com.gmail_ebay.GmailEbay.BaseClass.userClick(BaseClass.java:30)&#13;&#10;&#9;at com.step_definition.StepDefinition1.user_Click_The_Search_Button_And_It_Will_Navigate_To_Electric_Guitar_Page(StepDefinition1.java:34)&#13;&#10;&#9;at ✽.Then user Click The Search Button And It Will Navigate To Electric Guitar Page(src/test/java/com/feature/gmail_ebay1.feature:7)&#13;&#10;"><![CDATA[Given user Launch The Ebay Url..............................................passed
When user Enter The "electric guitar" In The Search Textfield...............passed
Then user Click The Search Button And It Will Navigate To Electric Guitar Page.failed

StackTrace:
org.openqa.selenium.WebDriverException: unknown error: unexpected command response
  (Session info: chrome=103.0.5060.114)
Build info: version: '3.141.59', revision: 'e82be7d358', time: '2018-11-14T08:17:03'
System info: host: 'DESKTOP-EM3OVKO', ip: '192.168.147.147', os.name: 'Windows 10', os.arch: 'amd64', os.version: '10.0', java.version: '1.8.0_202'
Driver info: org.openqa.selenium.chrome.ChromeDriver
Capabilities {acceptInsecureCerts: false, browserName: chrome, browserVersion: 103.0.5060.114, chrome: {chromedriverVersion: 103.0.5060.53 (a1711811edd7..., userDataDir: C:\Users\Umamani\AppData\Lo...}, goog:chromeOptions: {debuggerAddress: localhost:62268}, javascriptEnabled: true, networkConnectionEnabled: false, pageLoadStrategy: normal, platform: WINDOWS, platformName: WINDOWS, proxy: Proxy(), setWindowRect: true, strictFileInteractability: false, timeouts: {implicit: 0, pageLoad: 300000, script: 30000}, unhandledPromptBehavior: dismiss and notify, webauthn:extension:credBlob: true, webauthn:extension:largeBlob: true, webauthn:virtualAuthenticators: true}
Session ID: 1ea12cafbd1800b33c4e734eb096aed5
	at sun.reflect.NativeConstructorAccessorImpl.newInstance0(Native Method)
	at sun.reflect.NativeConstructorAccessorImpl.newInstance(NativeConstructorAccessorImpl.java:62)
	at sun.reflect.DelegatingConstructorAccessorImpl.newInstance(DelegatingConstructorAccessorImpl.java:45)
	at java.lang.reflect.Constructor.newInstance(Constructor.java:423)
	at org.openqa.selenium.remote.http.W3CHttpResponseCodec.createException(W3CHttpResponseCodec.java:187)
	at org.openqa.selenium.remote.http.W3CHttpResponseCodec.decode(W3CHttpResponseCodec.java:122)
	at org.openqa.selenium.remote.http.W3CHttpResponseCodec.decode(W3CHttpResponseCodec.java:49)
	at org.openqa.selenium.remote.HttpCommandExecutor.execute(HttpCommandExecutor.java:158)
	at org.openqa.selenium.remote.service.DriverCommandExecutor.execute(DriverCommandExecutor.java:83)
	at org.openqa.selenium.remote.RemoteWebDriver.execute(RemoteWebDriver.java:552)
	at org.openqa.selenium.remote.RemoteWebDriver.executeScript(RemoteWebDriver.java:489)
	at com.gmail_ebay.GmailEbay.BaseClass.userClick(BaseClass.java:30)
	at com.step_definition.StepDefinition1.user_Click_The_Search_Button_And_It_Will_Navigate_To_Electric_Guitar_Page(StepDefinition1.java:34)
	at ✽.Then user Click The Search Button And It Will Navigate To Electric Guitar Page(src/test/java/com/feature/gmail_ebay1.feature:7)
]]></failure>
</testcase>
</testsuite>
